[2025-01-25 00:00:00] DEBUG: Initializing database connection pool
[2025-01-25 00:00:01] DEBUG: Loading configuration from environment
[2025-01-25 00:00:02] DEBUG: Setting up middleware stack
[2025-01-25 00:00:03] DEBUG: Registering API routes
[2025-01-25 00:00:04] DEBUG: Initializing Socket.io server
[2025-01-25 00:00:05] DEBUG: Loading user session data
[2025-01-25 00:00:06] DEBUG: Processing authentication token
[2025-01-25 00:00:07] DEBUG: Executing database query: SELECT * FROM users
[2025-01-25 00:00:08] DEBUG: Cache lookup for key: user_123
[2025-01-25 00:00:09] DEBUG: Validating request parameters
[2025-01-25 00:00:10] DEBUG: Generating JWT token
[2025-01-25 00:00:11] DEBUG: Compressing response data
[2025-01-25 00:00:12] DEBUG: Sending email notification
[2025-01-25 00:00:13] DEBUG: Processing file upload
[2025-01-25 00:00:14] DEBUG: Updating user preferences
[2025-01-25 00:00:15] DEBUG: Calculating system metrics
[2025-01-25 00:00:16] DEBUG: Checking API rate limits
[2025-01-25 00:00:17] DEBUG: Validating input data
[2025-01-25 00:00:18] DEBUG: Processing webhook payload
[2025-01-25 00:00:19] DEBUG: Updating cache with new data
[2025-01-25 00:00:20] DEBUG: Cleaning up temporary files
